|商品名称|供应商|台数|进价
0|落地扇|致诚商贸|23|300
1|落地扇|远大制冷|56|220
2|落地扇|致诚商贸|45|470
3|空调扇|致诚商贸|26|700
4|空调扇|远大制冷|45|580
5|三叶吊扇|致诚商贸|95|290
6|三叶吊扇|远大制冷|62|420
7|三叶吊扇|远大制冷|12|450
8|遥控落地扇|清新电器|35|480
9|遥控落地扇|致诚商贸|78|550
10|遥控落地扇|远大制冷|65|550
11|挂式空调|清新电器|78|3200
12|挂式空调|远大制冷|14|4100
13|遥控落地扇|致诚商贸|16|480
14|遥控落地扇|致诚商贸|65|510
15|遥控落地扇|致诚商贸|96|550
16|移动空调|远大制冷|47|1200
17|柜式空调|远大制冷|95|5300
18|柜式空调|致诚商贸|62|6800
19|柜式空调|清新电器|12|7500
20|三叶吊扇|清新电器|65|450
21|三叶吊扇|致诚商贸|45|360
22|三叶吊扇|清新电器|95|550
23|移动空调|远大制冷|32|2100
24|移动空调|致诚商贸|65|1500
25|移动空调|清新电器|48|1500
26|移动空调|清新电器|94|2000
27|柜式空调|致诚商贸|45|8000
28|柜式空调|远大制冷|95|6200
29|柜式空调|清新电器|63|6200
